<?xml version="1.0" encoding="UTF-8"?>
<!-- Generated by org.testng.reporters.JUnitReportReporter -->
<testsuite hostname="WINDOWS-SBM5E6C" failures="0" tests="1" name="testJavaClasses.ExcelUtils_caller" time="3.060" errors="0" timestamp="2022-02-10T19:40:28 IST" skipped="0">
  <testcase classname="testJavaClasses.ExcelUtils_caller" name="Excel_methodsValidation" time="3.060"/>
  <system-out/>
</testsuite> <!-- testJavaClasses.ExcelUtils_caller -->
