<?xml version="1.0" encoding="UTF-8"?>
<!-- Generated by org.testng.reporters.JUnitReportReporter -->
<testsuite hostname="WINDOWS-SBM5E6C" failures="0" tests="1" name="UiBanK_Uipath.Login_with_PositiveData" time="15.416" errors="0" timestamp="2022-03-01T20:04:13 IST" skipped="0">
  <testcase classname="UiBanK_Uipath.Login_with_PositiveData" name="Login_Runner_onlyPasitiveData" time="15.416"/>
  <system-out/>
</testsuite> <!-- UiBanK_Uipath.Login_with_PositiveData -->
