<?xml version="1.0" encoding="UTF-8"?>
<!-- Generated by org.testng.reporters.JUnitReportReporter -->
<testsuite hostname="WINDOWS-SBM5E6C" failures="0" tests="5" name="testJavaClasses.Reports_CallerClass" time="1.853" errors="0" timestamp="2022-02-18T19:40:06 IST" skipped="0">
  <testcase classname="testJavaClasses.Reports_CallerClass" name="TestCaseNo4" time="0.004"/>
  <system-out/>
  <testcase classname="testJavaClasses.Reports_CallerClass" name="TestCaseNo6" time="1.114"/>
  <system-out/>
  <testcase classname="testJavaClasses.Reports_CallerClass" name="TestCaseNo1" time="0.723"/>
  <system-out/>
  <testcase classname="testJavaClasses.Reports_CallerClass" name="TestCaseNo3" time="0.004"/>
  <system-out/>
  <testcase classname="testJavaClasses.Reports_CallerClass" name="TestCaseNo2" time="0.008"/>
  <system-out/>
</testsuite> <!-- testJavaClasses.Reports_CallerClass -->
