<?xml version="1.0" encoding="UTF-8"?>
<!-- Generated by org.testng.reporters.JUnitReportReporter -->
<testsuite hostname="WINDOWS-SBM5E6C" failures="0" tests="5" name="UiBanK_Uipath.Login_into_Uibank_withDataProvider" time="45.797" errors="0" timestamp="2022-02-26T10:17:45 IST" skipped="0">
  <testcase classname="UiBanK_Uipath.Login_into_Uibank_withDataProvider" name="Login_Runner" time="10.022"/>
  <system-out/>
  <testcase classname="UiBanK_Uipath.Login_into_Uibank_withDataProvider" name="Login_Runner" time="9.092"/>
  <system-out/>
  <testcase classname="UiBanK_Uipath.Login_into_Uibank_withDataProvider" name="Login_Runner" time="9.723"/>
  <system-out/>
  <testcase classname="UiBanK_Uipath.Login_into_Uibank_withDataProvider" name="Login_Runner" time="7.627"/>
  <system-out/>
  <testcase classname="UiBanK_Uipath.Login_into_Uibank_withDataProvider" name="Login_Runner" time="9.333"/>
  <system-out/>
</testsuite> <!-- UiBanK_Uipath.Login_into_Uibank_withDataProvider -->
