<?xml version="1.0" encoding="UTF-8"?>
<!-- Generated by org.testng.reporters.JUnitReportReporter -->
<testsuite hostname="WINDOWS-SBM5E6C" failures="0" tests="1" name="UiBanK_Uipath.NewTest" time="0.015" errors="0" timestamp="2022-02-26T09:50:15 IST" skipped="0">
  <testcase classname="UiBanK_Uipath.NewTest" name="testJava" time="0.015"/>
  <system-out/>
</testsuite> <!-- UiBanK_Uipath.NewTest -->
